360 1024
312 857
404 1336
411 1242
95 309
318 955
129 395
50 156
422 1322
271 832
400 1090
70 269
191 570
39 124
204 636
468 1512
234 798
422 1296
199 675
105 319
387 1153
484 1339
501 1449
214 647
102 320
187 630
300 888
385 1099
96 259
403 1176
68 242
472 1563
422 1516
310 953
380 1183
274 844
238 718
47 132
271 774
80 350
105 267
407 1292
138 421
112 371
275 837
43 139
48 179
269 787
286 942
100 381
363 1160
386 1123
285 868
429 1404
63 136
457 1622
423 1312
92 325
254 761
173 465
217 685
45 192
80 289
386 1141
332 802
241 717
100 326
388 1075
241 620
296 968
129 348
364 1063
169 556
52 136
50 146
389 1074
327 969
334 976
228 726
490 1415
190 615
239 706
346 1125
54 163
382 1236
322 960
175 569
345 1010
441 1354
80 294
485 1400
336 966
53 169
172 594
31 116
236 841
365 1186
158 449
88 317
230 744
139 437
155 497
96 301
317 993
159 504
324 1049
99 325
195 566
329 909
351 997
303 1040
210 637
84 320
13 62
176 545
81 314
239 799
158 420
251 899
316 1003
60 186
349 1019
4 20
278 822
42 142
385 1178
218 658
242 707
22 94
125 428
125 344
390 1164
473 1442
104 267
396 1284
243 701
75 228
14 57
241 629
278 804
322 1015
436 1102
262 720
107 323
459 1345
135 404
407 1255
52 141
454 1502
383 1159
341 1022
170 498
473 1462
26 88
140 474
131 356
141 407
33 100
186 563
135 446
169 440
207 603
389 1177
8 31
80 280
294 893
180 496
476 1521
229 660
487 1576
240 757
195 679
492 1613
216 715
254 818
110 347
343 1130
414 1409
74 193
422 1183
299 825
298 915
232 706
25 91
293 943
99 279
412 1346
408 1153
37 143
198 638
353 1023
187 694
467 1303
7 33
449 1298
261 877
219 639
271 939
401 1225
412 1323
491 1615
416 1183
5 24
448 1296
303 739
176 452
217 628
283 830
240 741
473 1465
450 1413
69 260
486 1463
494 1547
166 487
196 562
389 1304
355 1106
315 993
7 34
403 1169
245 787
303 901
87 309
345 942
48 103
492 1447
451 1452
356 993
141 446
86 288
385 1236
168 545
141 372
15 41
57 176
436 1341
7 26
5 24
366 1232
498 1542
371 977
165 421
370 1191
234 710
20 51
330 1140
197 507
335 935
317 993
475 1336
467 1672
21 67
253 846
16 74
322 966
479 1461
456 1353
111 328
458 1378
431 1311
407 1202
67 195
134 470
71 175
501 1439
205 598
113 483
208 678
350 988
4 19
430 1248
323 1021
247 805
202 619
500 1529
66 261
451 1526
105 366
260 692
282 900
234 722
424 1285
292 858
12 52
330 955
12 52
266 874
473 1263
285 751
150 456
57 220
251 848
40 129
334 953
488 1466
150 473
170 456
250 751
414 1297
231 569
171 458
141 364
280 803
397 1051
246 632
127 378
81 254
61 195
423 1278
66 175
463 1386
198 537
234 644
291 825
135 459
293 794
488 1428
25 82
385 1304
10 46
465 1631
392 1245
161 514
261 704
381 1304
433 1172
221 585
329 875
280 801
162 564
478 1433
41 98
163 573
121 368
499 1605
158 507
414 1316
216 770
293 856
409 1375
68 250
169 575
204 628
384 1164
262 807
358 1165
231 739
145 454
142 468
390 1124
279 836
50 151
169 553
110 311
462 1289
377 1157
126 365
327 824
236 604
114 270
12 51
395 1260
462 1433
196 469
347 1039
492 1576
113 362
465 1567
438 1275
248 731
30 113
480 1467
211 623
389 1184
480 1336
118 394
80 239
55 208
187 497
12 56
216 580
127 343
57 141
122 408
117 353
350 1177
434 1219
292 784
409 1356
50 114
220 695
396 1210
238 730
313 976
306 875
382 1130
293 954
459 1400
152 481
221 718
267 784
312 919
211 688
24 59
134 365
398 1226
113 340
173 598
426 1125
146 424
363 1156
437 1222
200 545
178 493
326 1100
364 970
165 549
145 375
254 754
367 1112
373 1222
176 495
111 347
353 989
160 485
475 1358
460 1347
144 469
495 1493
434 1494
488 1548
244 665
196 567
250 742
220 611
134 448
145 382
58 195
487 1484
96 314
257 804
424 1290
433 1279
46 139
220 652
209 721
34 135
396 1126
357 1058
240 813
85 314
104 245
374 1124
19 55
465 1489
168 476
132 477
95 260
352 1027
303 989
330 955
488 1637
437 1308
251 704
327 956
136 477
429 1218
116 290
83 324
73 305
237 784
173 528
248 757
400 1197
395 1249
268 858
231 783
51 203
469 1440
393 1105
173 516
61 145
136 446
451 1471
380 1172
184 580
486 1479
214 663
479 1573
442 1295
386 1101
239 675
40 97
343 952
233 698
414 1276
246 750
219 715
280 850